2026-02-27 19:35:08,404 - INFO - Assets path configured: C:\Users\waltuiro.neto\OneDrive - Unimed Rio Verde\envio_de_notificacao_faturamento\assets
2026-02-27 19:35:08,408 - INFO - Starting up TCP server on localhost:51284
2026-02-27 19:35:08,438 - INFO - Flet app has started...
2026-02-27 19:35:08,456 - INFO - App URL: tcp://localhost:51284
2026-02-27 19:35:08,456 - INFO - Starting Flet View app...
2026-02-27 19:35:08,467 - INFO - Looking for Flet executable at: C:\Users\waltuiro.neto\AppData\Local\Programs\Python\Python313\Lib\site-packages\flet_desktop\app\flet\flet.exe
2026-02-27 19:35:08,468 - INFO - Flet View found in: C:\Users\waltuiro.neto\AppData\Local\Programs\Python\Python313\Lib\site-packages\flet_desktop\app\flet\flet.exe
2026-02-27 19:35:08,949 - INFO - App session started
2026-02-27 19:39:32,957 - INFO - Assets path configured: C:\Users\waltuiro.neto\OneDrive - Unimed Rio Verde\envio_de_notificacao_faturamento\assets
2026-02-27 19:39:32,964 - INFO - Starting up TCP server on localhost:60516
2026-02-27 19:39:32,997 - INFO - Flet app has started...
2026-02-27 19:39:33,018 - INFO - App URL: tcp://localhost:60516
2026-02-27 19:39:33,019 - INFO - Starting Flet View app...
2026-02-27 19:39:33,041 - INFO - Looking for Flet executable at: C:\Users\waltuiro.neto\AppData\Local\Programs\Python\Python313\Lib\site-packages\flet_desktop\app\flet\flet.exe
2026-02-27 19:39:33,042 - INFO - Flet View found in: C:\Users\waltuiro.neto\AppData\Local\Programs\Python\Python313\Lib\site-packages\flet_desktop\app\flet\flet.exe
2026-02-27 19:39:33,652 - INFO - App session started
2026-02-27 19:41:51,172 - INFO - Assets path configured: C:\Users\waltuiro.neto\OneDrive - Unimed Rio Verde\envio_de_notificacao_faturamento\assets
2026-02-27 19:41:51,176 - INFO - Starting up TCP server on localhost:56299
2026-02-27 19:41:51,193 - INFO - Flet app has started...
2026-02-27 19:41:51,206 - INFO - App URL: tcp://localhost:56299
2026-02-27 19:41:51,206 - INFO - Starting Flet View app...
2026-02-27 19:41:51,214 - INFO - Looking for Flet executable at: C:\Users\waltuiro.neto\AppData\Local\Programs\Python\Python313\Lib\site-packages\flet_desktop\app\flet\flet.exe
2026-02-27 19:41:51,215 - INFO - Flet View found in: C:\Users\waltuiro.neto\AppData\Local\Programs\Python\Python313\Lib\site-packages\flet_desktop\app\flet\flet.exe
2026-02-27 19:41:51,737 - INFO - App session started
2026-02-27 19:42:05,602 - INFO - Iniciando verificação de notificações - 27/02/2026
2026-02-27 19:42:05,602 - INFO - Encontrados 1 prestadores com períodos ativos
2026-02-27 19:42:06,719 - INFO - E-mail enviado com sucesso para netovaltuirorv23@gmail.com | Assunto: ✅ Início do período de envio - fevereiro - Faturamento Contas
2026-02-27 19:42:06,723 - INFO - Notificação enviada: Tesre Neto - Inicio - fevereiro
2026-02-27 19:42:06,734 - INFO - Processamento concluído. 1 notificações enviadas
2026-02-27 19:42:06,736 - INFO - Notificações enviadas hoje (1): Inicio → Tesre Neto (netovaltuirorv23@gmail.com)
2026-02-27 19:50:40,291 - INFO - Assets path configured: C:\Users\waltuiro.neto\OneDrive - Unimed Rio Verde\envio_de_notificacao_faturamento\assets
2026-02-27 19:50:40,295 - INFO - Starting up TCP server on localhost:63753
2026-02-27 19:50:40,325 - INFO - Flet app has started...
2026-02-27 19:50:40,340 - INFO - App URL: tcp://localhost:63753
2026-02-27 19:50:40,340 - INFO - Starting Flet View app...
2026-02-27 19:50:40,356 - INFO - Looking for Flet executable at: C:\Users\waltuiro.neto\AppData\Local\Programs\Python\Python313\Lib\site-packages\flet_desktop\app\flet\flet.exe
2026-02-27 19:50:40,357 - INFO - Flet View found in: C:\Users\waltuiro.neto\AppData\Local\Programs\Python\Python313\Lib\site-packages\flet_desktop\app\flet\flet.exe
2026-02-27 19:50:41,001 - INFO - App session started
2026-02-27 19:50:41,007 - ERROR - Credenciais de e-mail não encontradas no .env (EMAIL_LOGIN / EMAIL_LOGIN_PASS)
2026-02-27 19:50:41,007 - WARNING - Continuando sem e-mail - modo debug
2026-02-27 19:50:56,450 - INFO - Iniciando verificação de notificações - 27/02/2026
2026-02-27 19:50:56,451 - INFO - Encontrados 1 prestadores com períodos ativos
2026-02-27 19:50:56,452 - INFO - Processamento concluído. 0 notificações enviadas
2026-02-27 19:50:56,452 - INFO - Nenhuma notificação enviada hoje
2026-02-27 19:52:26,347 - INFO - Iniciando verificação de notificações - 27/02/2026
2026-02-27 19:52:26,348 - INFO - Encontrados 2 prestadores com períodos ativos
2026-02-27 19:52:26,350 - WARNING - Credenciais de e-mail não configuradas. Modo simulação.
2026-02-27 19:52:26,354 - INFO - Notificação enviada: Tesre Neto - Inicio - Fevereiro/2026
2026-02-27 19:52:26,358 - WARNING - Credenciais de e-mail não configuradas. Modo simulação.
2026-02-27 19:52:26,359 - INFO - Notificação enviada: Teste Terapia - Inicio - Fevereiro/2026
2026-02-27 19:52:26,374 - INFO - Processamento concluído. 2 notificações enviadas
2026-02-27 19:52:26,376 - INFO - Notificações enviadas hoje (2): Inicio → Tesre Neto (netovaltuirorv23@gmail.com), Inicio → Teste Terapia (netovaltuirorv@gmail.com)
2026-02-27 19:55:22,716 - INFO - Assets path configured: C:\Users\waltuiro.neto\OneDrive - Unimed Rio Verde\envio_de_notificacao_faturamento\assets
2026-02-27 19:55:22,723 - INFO - Starting up TCP server on localhost:62320
2026-02-27 19:55:22,743 - INFO - Flet app has started...
2026-02-27 19:55:22,755 - INFO - App URL: tcp://localhost:62320
2026-02-27 19:55:22,755 - INFO - Starting Flet View app...
2026-02-27 19:55:22,763 - INFO - Looking for Flet executable at: C:\Users\waltuiro.neto\AppData\Local\Programs\Python\Python313\Lib\site-packages\flet_desktop\app\flet\flet.exe
2026-02-27 19:55:22,763 - INFO - Flet View found in: C:\Users\waltuiro.neto\AppData\Local\Programs\Python\Python313\Lib\site-packages\flet_desktop\app\flet\flet.exe
2026-02-27 19:55:23,228 - INFO - App session started
2026-02-27 19:55:29,320 - INFO - Iniciando verificação de notificações - 27/02/2026
2026-02-27 19:55:29,321 - INFO - Encontrados 2 prestadores com períodos ativos
2026-02-27 19:55:29,322 - INFO - Processamento concluído. 0 notificações enviadas
2026-02-27 19:55:29,323 - INFO - Nenhuma notificação enviada hoje
2026-02-27 19:56:11,216 - INFO - Iniciando verificação de notificações - 27/02/2026
2026-02-27 19:56:11,217 - INFO - Encontrados 3 prestadores com períodos ativos
2026-02-27 19:56:13,053 - INFO - E-mail enviado com sucesso para netovaltuirorv@gmail.com | Assunto: ✅ Início do período - Fevereiro/2026 - Faturamento Contas
2026-02-27 19:56:13,057 - INFO - Notificação enviada: Teste Clínica Ame - Inicio - Fevereiro/2026
2026-02-27 19:56:13,073 - INFO - Processamento concluído. 1 notificações enviadas
2026-02-27 19:56:13,076 - INFO - Notificações enviadas hoje (1): Inicio → Teste Clínica Ame (netovaltuirorv@gmail.com)
2026-02-27 20:01:40,527 - INFO - Assets path configured: C:\Users\waltuiro.neto\OneDrive - Unimed Rio Verde\envio_de_notificacao_faturamento\assets
2026-02-27 20:01:40,531 - INFO - Starting up TCP server on localhost:60650
2026-02-27 20:01:40,551 - INFO - Flet app has started...
2026-02-27 20:01:40,564 - INFO - App URL: tcp://localhost:60650
2026-02-27 20:01:40,564 - INFO - Starting Flet View app...
2026-02-27 20:01:40,577 - INFO - Looking for Flet executable at: C:\Users\waltuiro.neto\AppData\Local\Programs\Python\Python313\Lib\site-packages\flet_desktop\app\flet\flet.exe
2026-02-27 20:01:40,578 - INFO - Flet View found in: C:\Users\waltuiro.neto\AppData\Local\Programs\Python\Python313\Lib\site-packages\flet_desktop\app\flet\flet.exe
2026-02-27 20:01:41,057 - INFO - App session started
2026-02-27 20:03:25,197 - INFO - Assets path configured: C:\Users\waltuiro.neto\OneDrive - Unimed Rio Verde\envio_de_notificacao_faturamento\assets
2026-02-27 20:03:25,201 - INFO - Starting up TCP server on localhost:64214
2026-02-27 20:03:25,217 - INFO - Flet app has started...
2026-02-27 20:03:25,232 - INFO - App URL: tcp://localhost:64214
2026-02-27 20:03:25,233 - INFO - Starting Flet View app...
2026-02-27 20:03:25,249 - INFO - Looking for Flet executable at: C:\Users\waltuiro.neto\AppData\Local\Programs\Python\Python313\Lib\site-packages\flet_desktop\app\flet\flet.exe
2026-02-27 20:03:25,250 - INFO - Flet View found in: C:\Users\waltuiro.neto\AppData\Local\Programs\Python\Python313\Lib\site-packages\flet_desktop\app\flet\flet.exe
2026-02-27 20:03:25,747 - INFO - App session started
2026-02-27 20:05:01,851 - INFO - Assets path configured: C:\Users\waltuiro.neto\OneDrive - Unimed Rio Verde\envio_de_notificacao_faturamento\assets
2026-02-27 20:05:01,855 - INFO - Starting up TCP server on localhost:51286
2026-02-27 20:05:01,877 - INFO - Flet app has started...
2026-02-27 20:05:01,892 - INFO - App URL: tcp://localhost:51286
2026-02-27 20:05:01,893 - INFO - Starting Flet View app...
2026-02-27 20:05:01,910 - INFO - Looking for Flet executable at: C:\Users\waltuiro.neto\AppData\Local\Programs\Python\Python313\Lib\site-packages\flet_desktop\app\flet\flet.exe
2026-02-27 20:05:01,911 - INFO - Flet View found in: C:\Users\waltuiro.neto\AppData\Local\Programs\Python\Python313\Lib\site-packages\flet_desktop\app\flet\flet.exe
2026-02-27 20:05:02,424 - INFO - App session started
